wjrDc/app/mapping.txt
# compiler: R8
# compiler_version: 2.2.71
# min_api: 23
# pg_map_id: 8c450bf
# common_typos_disable
com.cashloans.cashcloud.-$$Lambda$MainActivity$0GGVCu_fZC2ctVAcYVGrakyTw4M -> d.d.a.a:
# {"id":"sourceFile","fileName":"lambda"}
    com.cashloans.cashcloud.-$$Lambda$MainActivity$0GGVCu_fZC2ctVAcYVGrakyTw4M INSTANCE -> a
    void handler(java.lang.String,com.github.lzyzsd.jsbridge.CallBackFunction) -> a
com.cashloans.cashcloud.-$$Lambda$MainActivity$3_0jydfzgmLTNpG9ogNe7qdKOQI -> d.d.a.b:
# {"id":"sourceFile","fileName":"lambda"}
    com.cashloans.cashcloud.MainActivity f$0 -> a
    void handler(java.lang.String,com.github.lzyzsd.jsbridge.CallBackFunction) -> a
com.cashloans.cashcloud.-$$Lambda$MainActivity$4HKPihXWfiF9Ac_kKTId85mH8BM -> d.d.a.c:
# {"id":"sourceFile","fileName":"lambda"}
    com.cashloans.cashcloud.-$$Lambda$MainActivity$4HKPihXWfiF9Ac_kKTId85mH8BM INSTANCE -> a
    void onCallBack(java.lang.String) -> a
com.cashloans.cashcloud.-$$Lambda$MainActivity$95e0ioqFeTEF1n4Gj55Qn-g6U90 -> d.d.a.d:
# {"id":"sourceFile","fileName":"lambda"}
    com.cashloans.cashcloud.MainActivity f$0 -> c
com.cashloans.cashcloud.-$$Lambda$MainActivity$9alJNbnDY58BpyKsUa9aRERuTig -> d.d.a.e:
# {"id":"sourceFile","fileName":"lambda"}
    com.cashloans.cashcloud.MainActivity f$0 -> c
    void accept(java.lang.Object) -> a
com.cashloans.cashcloud.-$$Lambda$MainActivity$9kwZvYslpZm5h5SOP7yv1QGLhJQ -> d.d.a.f:
# {"id":"sourceFile","fileName":"lambda"}
    com.cashloans.cashcloud.MainActivity f$0 -> a
    void handler(java.lang.String,com.github.lzyzsd.jsbridge.CallBackFunction) -> a
com.cashloans.cashcloud.-$$Lambda$MainActivity$CX7PN0H0ThFlrTvc5YUkWuHRgzA -> d.d.a.g:
# {"id":"sourceFile","fileName":"lambda"}
    com.cashloans.cashcloud.MainActivity f$0 -> c
com.cashloans.cashcloud.-$$Lambda$MainActivity$HfPgf8RM3VrsIONk3lzme1xHAJw -> d.d.a.h:
# {"id":"sourceFile","fileName":"lambda"}
    com.cashloans.cashcloud.-$$Lambda$MainActivity$HfPgf8RM3VrsIONk3lzme1xHAJw INSTANCE -> c
    void accept(java.lang.Object) -> a
com.cashloans.cashcloud.-$$Lambda$MainActivity$JB7akVia0KurES05TyUQ4mwHT9k -> d.d.a.i:
# {"id":"sourceFile","fileName":"lambda"}
    com.cashloans.cashcloud.MainActivity f$0 -> a
    void handler(java.lang.String,com.github.lzyzsd.jsbridge.CallBackFunction) -> a
com.cashloans.cashcloud.-$$Lambda$MainActivity$Ri4V9o5ayPXVrdkg9XauPct3BX4 -> d.d.a.j:
# {"id":"sourceFile","fileName":"lambda"}
    com.cashloans.cashcloud.MainActivity f$0 -> a
    void onGranted(java.util.List,boolean) -> a
    void onDenied(java.util.List,boolean) -> b
com.cashloans.cashcloud.-$$Lambda$MainActivity$Wd83N2s-M7FSDXe-rEammx8d3os -> d.d.a.k:
# {"id":"sourceFile","fileName":"lambda"}
    com.cashloans.cashcloud.MainActivity f$0 -> a
    void handler(java.lang.String,com.github.lzyzsd.jsbridge.CallBackFunction) -> a
com.cashloans.cashcloud.-$$Lambda$MainActivity$gjyD7ZM3CtoUXeEDff5g--mVK3E -> d.d.a.l:
# {"id":"sourceFile","fileName":"lambda"}
    com.cashloans.cashcloud.MainActivity f$0 -> a
    void handler(java.lang.String,com.github.lzyzsd.jsbridge.CallBackFunction) -> a
com.cashloans.cashcloud.-$$Lambda$MainActivity$io_BoGxoUqw_7lmu6Bz6DAOyguk -> d.d.a.m:
# {"id":"sourceFile","fileName":"lambda"}
    com.cashloans.cashcloud.MainActivity f$0 -> a
    void handler(java.lang.String,com.github.lzyzsd.jsbridge.CallBackFunction) -> a
com.cashloans.cashcloud.-$$Lambda$MainActivity$o92VRFEgHIDBZp2HPjG1afsdlXo -> d.d.a.n:
# {"id":"sourceFile","fileName":"lambda"}
    com.cashloans.cashcloud.-$$Lambda$MainActivity$o92VRFEgHIDBZp2HPjG1afsdlXo INSTANCE -> a
    void handler(java.lang.String,com.github.lzyzsd.jsbridge.CallBackFunction) -> a
com.cashloans.cashcloud.-$$Lambda$MainActivity$wCHKlkVoFHy52ufdb0UHuwgJwPg -> d.d.a.o:
# {"id":"sourceFile","fileName":"lambda"}
    com.cashloans.cashcloud.MainActivity f$0 -> c
    void accept(java.lang.Object) -> a
com.cashloans.cashcloud.-$$Lambda$MainActivity$wqp8BBABqfri6d7D6w2YHdH872c -> d.d.a.p:
# {"id":"sourceFile","fileName":"lambda"}
    com.cashloans.cashcloud.MainActivity f$0 -> c
...
kotlin.reflect.jvm.internal.impl.util.OperatorChecks -> kotlin.reflect.jvm.internal.impl.util.OperatorChecks:
    java.util.List checks -> b
    kotlin.reflect.jvm.internal.impl.util.OperatorChecks INSTANCE -> a
    java.util.List getChecks$descriptors() -> b
kotlin.reflect.jvm.internal.impl.util.OperatorChecks$checks$1 -> kotlin.reflect.jvm.internal.impl.util.OperatorChecks$checks$1:
    kotlin.reflect.jvm.internal.impl.util.OperatorChecks$checks$1 INSTANCE -> c
    java.lang.String invoke(kotlin.reflect.jvm.internal.impl.descriptors.FunctionDescriptor) -> b
kotlin.reflect.jvm.internal.impl.util.OperatorChecks$checks$2 -> kotlin.reflect.jvm.internal.impl.util.OperatorChecks$checks$2:
    kotlin.reflect.jvm.internal.impl.util.OperatorChecks$checks$2 INSTANCE -> c
    java.lang.String invoke(kotlin.reflect.jvm.internal.impl.descriptors.FunctionDescriptor) -> b
    boolean invoke$isAny(kotlin.reflect.jvm.internal.impl.descriptors.DeclarationDescriptor) -> c
kotlin.reflect.jvm.internal.impl.util.OperatorChecks$checks$3 -> kotlin.reflect.jvm.internal.impl.util.OperatorChecks$checks$3:
    kotlin.reflect.jvm.internal.impl.util.OperatorChecks$checks$3 INSTANCE -> c
    java.lang.String invoke(kotlin.reflect.jvm.internal.impl.descriptors.FunctionDescriptor) -> b
kotlin.reflect.jvm.internal.impl.util.OperatorNameConventions -> f.s.m.b.u.o.h:
    kotlin.reflect.jvm.internal.impl.name.Name MINUS -> u
    kotlin.reflect.jvm.internal.impl.name.Name DEC -> s
    kotlin.reflect.jvm.internal.impl.name.Name OR -> q
    kotlin.reflect.jvm.internal.impl.name.Name HAS_NEXT -> m
    kotlin.reflect.jvm.internal.impl.name.Name SET -> k
    kotlin.reflect.jvm.internal.impl.name.Name ITERATOR -> i
    kotlin.reflect.jvm.internal.impl.name.Name PLUS_ASSIGN -> H
    kotlin.reflect.jvm.internal.impl.name.Name CONTAINS -> g
    kotlin.reflect.jvm.internal.impl.name.Name COMPARE_TO -> f
    kotlin.reflect.jvm.internal.impl.name.Name DIV_ASSIGN -> E
    kotlin.reflect.jvm.internal.impl.name.Name PROVIDE_DELEGATE -> d
    kotlin.reflect.jvm.internal.impl.name.Name RANGE_TO -> C
    java.util.Set UNARY_OPERATION_NAMES -> J
    kotlin.reflect.jvm.internal.impl.name.Name GET_VALUE -> b
    kotlin.reflect.jvm.internal.impl.name.Name MOD -> A
    kotlin.text.Regex COMPONENT_REGEX -> o
    kotlin.reflect.jvm.internal.impl.name.Name TIMES -> y
    java.util.Set BINARY_OPERATION_NAMES -> L
    kotlin.reflect.jvm.internal.impl.util.OperatorNameConventions INSTANCE -> a
    kotlin.reflect.jvm.internal.impl.name.Name UNARY_MINUS -> w
    java.util.Set DELEGATED_PROPERTY_OPERATORS -> N
    kotlin.reflect.jvm.internal.impl.name.Name NOT -> v
    kotlin.reflect.jvm.internal.impl.name.Name PLUS -> t
    kotlin.reflect.jvm.internal.impl.name.Name INC -> r
kotlin.reflect.jvm.internal.impl.util.ReturnsCheck -> kotlin.reflect.jvm.internal.impl.util.ReturnsCheck:
    java.lang.String name -> a
    kotlin.jvm.functions.Function1 type -> b
    java.lang.String description -> c
    java.lang.String getDescription() -> a
    java.lang.String invoke(kotlin.reflect.jvm.internal.impl.descriptors.FunctionDescriptor) -> b
    boolean check(kotlin.reflect.jvm.internal.impl.descriptors.FunctionDescriptor) -> c
kotlin.reflect.jvm.internal.impl.util.ReturnsCheck$ReturnsBoolean -> kotlin.reflect.jvm.internal.impl.util.ReturnsCheck$ReturnsBoolean:
    kotlin.reflect.jvm.internal.impl.util.ReturnsCheck$ReturnsBoolean INSTANCE -> d
kotlin.reflect.jvm.internal.impl.util.ReturnsCheck$ReturnsBoolean$1 -> kotlin.reflect.jvm.internal.impl.util.ReturnsCheck$ReturnsBoolean$1:
    kotlin.reflect.jvm.internal.impl.util.ReturnsCheck$ReturnsBoolean$1 INSTANCE -> c
    kotlin.reflect.jvm.internal.impl.types.KotlinType invoke(kotlin.reflect.jvm.internal.impl.builtins.KotlinBuiltIns) -> b
kotlin.reflect.jvm.internal.impl.util.ReturnsCheck$ReturnsInt -> kotlin.reflect.jvm.internal.impl.util.ReturnsCheck$ReturnsInt:
    kotlin.reflect.jvm.internal.impl.util.ReturnsCheck$ReturnsInt INSTANCE -> d