wjrDc/app/unused.txt
com.cashloans.cashcloud.BuildConfig
com.cashloans.cashcloud.MainActivesCon$Companion
com.cashloans.cashcloud.MainActivesCon
com.cashloans.cashcloud.MainActivity:
    private boolean isFinish
    public void _$_clearFindViewByIdCache()
    public final int getREQUEST_CODE_LIVENESS()
    public void onRefresh()
    public final void setCompressmageMaps(java.util.ArrayList)
    public final void setImageMaps(java.util.ArrayList)
    public final void setLivenessId(java.lang.String)
    public final void setLivenss(boolean)
com.cashloans.cashcloud.MainHomePresenter:
    public static final int s3UploadJsonAppIcon
    public static final int s3UploadJsonAppImage
com.cashloans.cashcloud.R$anim
com.cashloans.cashcloud.R$animator
com.cashloans.cashcloud.R$attr
com.cashloans.cashcloud.R$bool
com.cashloans.cashcloud.R$color
com.cashloans.cashcloud.R$dimen
com.cashloans.cashcloud.R$drawable
com.cashloans.cashcloud.R$id
com.cashloans.cashcloud.R$integer
com.cashloans.cashcloud.R$interpolator
com.cashloans.cashcloud.R$layout
com.cashloans.cashcloud.R$mipmap
com.cashloans.cashcloud.R$plurals
com.cashloans.cashcloud.R$raw
com.cashloans.cashcloud.R$string
com.cashloans.cashcloud.R$style
com.cashloans.cashcloud.R$styleable
com.cashloans.cashcloud.R$xml
com.cashloans.cashcloud.R
com.cashloans.cashcloud.appTool.BaseActivity:
    public void _$_clearFindViewByIdCache()
    public android.content.Context getContext()
com.cashloans.cashcloud.appTool.SPHelper:
    private void <init>(java.lang.String)
    public void clear()
    public void clear(boolean)
    public boolean contains(java.lang.String)
    public java.util.Map getAll()
    public boolean getBoolean(java.lang.String)
    public boolean getBoolean(java.lang.String,boolean)
    public float getFloat(java.lang.String)
    public float getFloat(java.lang.String,float)
    public static com.cashloans.cashcloud.appTool.SPHelper getInstance(int)
    public static com.cashloans.cashcloud.appTool.SPHelper getInstance(java.lang.String)
    public int getInt(java.lang.String)
    public int getInt(java.lang.String,int)
    public long getLong(java.lang.String)
    public long getLong(java.lang.String,long)
    public java.util.Set getStringSet(java.lang.String)
    public java.util.Set getStringSet(java.lang.String,java.util.Set)
    public void put(java.lang.String,float)
    public void put(java.lang.String,float,boolean)
    public void put(java.lang.String,int)
    public void put(java.lang.String,int,boolean)
    public void put(java.lang.String,long)
    public void put(java.lang.String,long,boolean)
    public void put(java.lang.String,java.util.Set)
    public void put(java.lang.String,java.util.Set,boolean)
    public void put(java.lang.String,boolean)
    public void put(java.lang.String,boolean,boolean)
com.cashloans.cashcloud.appTool.ThBasePresons
com.cashloans.cashcloud.appTool.httpManger.BasePresenter:
    protected final void addDisposable(io.reactivex.disposables.Disposable)
    public void destroy()
    public void detachView()
    private final io.reactivex.disposables.CompositeDisposable getMDisposables()
    public void onActivityCreated()
    public void onActivityDestroyed()
    public void onActivityPaused()
    public void onActivityResumed()
    public void onActivityStarted()
    public void onActivityStopped()
    protected final void setMView(com.cashloans.cashcloud.appTool.httpManger.IBaseView)
com.cashloans.cashcloud.appTool.httpManger.ConfigProvider:
    public void <init>()
com.cashloans.cashcloud.appTool.httpManger.Constants$Companion
com.cashloans.cashcloud.appTool.httpManger.Constants
com.cashloans.cashcloud.appTool.httpManger.CrashHandler:
    private static final java.lang.String TAG
com.cashloans.cashcloud.appTool.httpManger.GetApplList:
    private final java.util.List readLineFromFile(java.lang.String)
    private final java.lang.String readTextFromFile(java.lang.String)
...
androidx.core.graphics.drawable.BitmapDrawableKt
androidx.core.graphics.drawable.ColorDrawableKt
androidx.core.graphics.drawable.DrawableCompat:
    private static final java.lang.String TAG
    private void <init>()
androidx.core.graphics.drawable.DrawableKt
androidx.core.graphics.drawable.IconCompat$IconType
androidx.core.graphics.drawable.IconCompat:
    private static final float ADAPTIVE_ICON_INSET_FACTOR
    private static final int AMBIENT_SHADOW_ALPHA
    private static final float BLUR_FACTOR
    private static final float DEFAULT_VIEW_PORT_SCALE
    static final java.lang.String EXTRA_INT1
    static final java.lang.String EXTRA_INT2
    static final java.lang.String EXTRA_OBJ
    static final java.lang.String EXTRA_STRING1
    static final java.lang.String EXTRA_TINT_LIST
    static final java.lang.String EXTRA_TINT_MODE
    static final java.lang.String EXTRA_TYPE
    private static final float ICON_DIAMETER_FACTOR
    private static final int KEY_SHADOW_ALPHA
    private static final float KEY_SHADOW_OFFSET_FACTOR
    private static final java.lang.String TAG
    public static final int TYPE_ADAPTIVE_BITMAP
    public static final int TYPE_BITMAP
    public static final int TYPE_DATA
    public static final int TYPE_RESOURCE
    public static final int TYPE_UNKNOWN
    public static final int TYPE_URI
    public static final int TYPE_URI_ADAPTIVE_BITMAP
    private void <init>(int)
    public void addToShortcutIntent(android.content.Intent,android.graphics.drawable.Drawable,android.content.Context)
    public void checkResource(android.content.Context)
    public static androidx.core.graphics.drawable.IconCompat createFromBundle(android.os.Bundle)
androidx.core.graphics.drawable.IconKt
androidx.core.graphics.drawable.RoundedBitmapDrawable21
androidx.core.graphics.drawable.RoundedBitmapDrawable
androidx.core.graphics.drawable.RoundedBitmapDrawableFactory$DefaultRoundedBitmapDrawable
androidx.core.graphics.drawable.RoundedBitmapDrawableFactory
androidx.core.graphics.drawable.WrappedDrawableApi21:
    private static final java.lang.String TAG
androidx.core.hardware.display.DisplayManagerCompat
androidx.core.hardware.fingerprint.FingerprintManagerCompat$1
androidx.core.hardware.fingerprint.FingerprintManagerCompat$AuthenticationCallback
androidx.core.hardware.fingerprint.FingerprintManagerCompat$AuthenticationResult
androidx.core.hardware.fingerprint.FingerprintManagerCompat$CryptoObject
androidx.core.hardware.fingerprint.FingerprintManagerCompat
androidx.core.internal.package-info
androidx.core.internal.view.SupportMenu:
    public static final int CATEGORY_MASK
    public static final int CATEGORY_SHIFT
    public static final int FLAG_KEEP_OPEN_ON_SUBMENU_OPENED
    public static final int SUPPORTED_MODIFIERS_MASK
    public static final int USER_MASK
    public static final int USER_SHIFT
    public abstract void setGroupDividerEnabled(boolean)
androidx.core.internal.view.SupportMenuItem:
    public static final int SHOW_AS_ACTION_ALWAYS
    public static final int SHOW_AS_ACTION_COLLAPSE_ACTION_VIEW
    public static final int SHOW_AS_ACTION_IF_ROOM
    public static final int SHOW_AS_ACTION_NEVER
    public static final int SHOW_AS_ACTION_WITH_TEXT
    public abstract boolean requiresActionButton()
    public abstract boolean requiresOverflow()
androidx.core.ktx.R$attr
androidx.core.ktx.R$color
androidx.core.ktx.R$dimen
androidx.core.ktx.R$drawable
androidx.core.ktx.R$id
androidx.core.ktx.R$integer
androidx.core.ktx.R$layout
androidx.core.ktx.R$string
androidx.core.ktx.R$style
androidx.core.ktx.R$styleable
androidx.core.ktx.R
androidx.core.location.GnssStatusCompat$Callback
androidx.core.location.GnssStatusCompat$ConstellationType
androidx.core.location.GnssStatusCompat
androidx.core.location.GnssStatusWrapper
androidx.core.location.GpsStatusWrapper
androidx.core.location.LocationKt
androidx.core.location.LocationManagerCompat$1
androidx.core.location.LocationManagerCompat$Api28Impl